0 info it worked if it ends with ok
1 verbose cli [ 'node', '/usr/local/bin/npm', 'install', 'express', '-g' ]
2 info using npm@1.1.46
3 info using node@v0.8.5
4 verbose config file /Users/oscar/.npmrc
5 verbose config file /usr/local/etc/npmrc
6 verbose config file /usr/local/lib/node_modules/npm/npmrc
7 verbose read json /usr/local/lib/package.json
8 verbose read json /usr/local/lib/package.json
9 verbose cache add [ 'express', null ]
10 silly cache add name=undefined spec="express" args=["express",null]
11 verbose parsed url { pathname: 'express', path: 'express', href: 'express' }
12 silly lockFile f3c62de4-express express
13 verbose lock express /Users/oscar/.npm/f3c62de4-express.lock
14 silly lockFile f3c62de4-express express
15 verbose addNamed [ 'express', '' ]
16 verbose addNamed [ null, '' ]
17 silly lockFile 64a534c1-express express@
18 verbose lock express@ /Users/oscar/.npm/64a534c1-express.lock
19 silly addNameRange { name: 'express', range: '', hasData: false }
20 verbose url raw express
21 verbose url resolving [ 'https://registry.npmjs.org/', './express' ]
22 verbose url resolved https://registry.npmjs.org/express
23 info retry registry request attempt 1 at 22:15:23
24 verbose etag "ATVM2BW26RMJ9E9E5IEYMBRKT"
25 http GET https://registry.npmjs.org/express
26 http 304 https://registry.npmjs.org/express
27 silly registry.get cb [ 304,
27 silly registry.get   { server: 'CouchDB/1.2.0 (Erlang OTP/R15B)',
27 silly registry.get     etag: '"ATVM2BW26RMJ9E9E5IEYMBRKT"',
27 silly registry.get     date: 'Tue, 14 Aug 2012 20:15:24 GMT',
27 silly registry.get     'content-length': '0' } ]
28 verbose etag express from cache
29 silly addNameRange number 2 { name: 'express', range: '', hasData: true }
30 silly addNameRange versions [ 'express',
30 silly addNameRange   [ '0.14.0',
30 silly addNameRange     '0.14.1',
30 silly addNameRange     '1.0.0beta',
30 silly addNameRange     '1.0.0beta2',
30 silly addNameRange     '1.0.0rc',
30 silly addNameRange     '1.0.0rc2',
30 silly addNameRange     '1.0.0rc3',
30 silly addNameRange     '1.0.0rc4',
30 silly addNameRange     '1.0.0',
30 silly addNameRange     '1.0.1',
30 silly addNameRange     '1.0.2',
30 silly addNameRange     '1.0.3',
30 silly addNameRange     '1.0.4',
30 silly addNameRange     '1.0.5',
30 silly addNameRange     '1.0.6',
30 silly addNameRange     '1.0.7',
30 silly addNameRange     '2.0.0beta',
30 silly addNameRange     '1.0.8',
30 silly addNameRange     '2.0.0beta2',
30 silly addNameRange     '2.0.0beta3',
30 silly addNameRange     '2.0.0rc',
30 silly addNameRange     '2.0.0rc2',
30 silly addNameRange     '2.0.0rc3',
30 silly addNameRange     '2.0.0',
30 silly addNameRange     '2.1.0',
30 silly addNameRange     '2.1.1',
30 silly addNameRange     '2.2.0',
30 silly addNameRange     '2.2.1',
30 silly addNameRange     '2.2.2',
30 silly addNameRange     '2.3.0',
30 silly addNameRange     '2.3.1',
30 silly addNameRange     '2.3.2',
30 silly addNameRange     '2.3.3',
30 silly addNameRange     '2.3.4',
30 silly addNameRange     '2.3.5',
30 silly addNameRange     '2.3.6',
30 silly addNameRange     '2.3.7',
30 silly addNameRange     '2.3.8',
30 silly addNameRange     '2.3.9',
30 silly addNameRange     '2.3.10',
30 silly addNameRange     '2.3.11',
30 silly addNameRange     '2.3.12',
30 silly addNameRange     '2.4.0',
30 silly addNameRange     '2.4.1',
30 silly addNameRange     '2.4.2',
30 silly addNameRange     '2.4.3',
30 silly addNameRange     '2.4.4',
30 silly addNameRange     '2.4.5',
30 silly addNameRange     '2.4.6',
30 silly addNameRange     '2.4.7',
30 silly addNameRange     '2.5.0',
30 silly addNameRange     '2.5.1',
30 silly addNameRange     '2.5.2',
30 silly addNameRange     '2.5.3',
30 silly addNameRange     '2.5.4',
30 silly addNameRange     '2.5.5',
30 silly addNameRange     '2.5.6',
30 silly addNameRange     '2.5.7',
30 silly addNameRange     '2.5.8',
30 silly addNameRange     '2.5.9',
30 silly addNameRange     '3.0.0alpha1',
30 silly addNameRange     '3.0.0alpha2',
30 silly addNameRange     '3.0.0alpha3',
30 silly addNameRange     '3.0.0alpha4',
30 silly addNameRange     '3.0.0alpha5',
30 silly addNameRange     '3.0.0beta1',
30 silly addNameRange     '3.0.0beta2',
30 silly addNameRange     '3.0.0beta3',
30 silly addNameRange     '2.5.10',
30 silly addNameRange     '3.0.0beta4',
30 silly addNameRange     '2.5.11',
30 silly addNameRange     '3.0.0beta6',
30 silly addNameRange     '3.0.0beta7',
30 silly addNameRange     '3.0.0rc1',
30 silly addNameRange     '3.0.0rc2',
30 silly addNameRange     '3.0.0rc3' ] ]
31 verbose addNamed [ 'express', '3.0.0rc3' ]
32 verbose addNamed [ '3.0.0rc3', '3.0.0rc3' ]
33 silly lockFile e0f1981e-express-3-0-0rc3 express@3.0.0rc3
34 verbose lock express@3.0.0rc3 /Users/oscar/.npm/e0f1981e-express-3-0-0rc3.lock
35 verbose read json /Users/oscar/.npm/express/3.0.0rc3/package/package.json
36 silly lockFile e0f1981e-express-3-0-0rc3 express@3.0.0rc3
37 silly lockFile 64a534c1-express express@
38 silly resolved [ { name: 'express',
38 silly resolved     description: 'Sinatra inspired web development framework',
38 silly resolved     version: '3.0.0rc3',
38 silly resolved     author: { name: 'TJ Holowaychuk', email: 'tj@vision-media.ca' },
38 silly resolved     contributors: [ [Object], [Object], [Object], [Object] ],
38 silly resolved     dependencies:
38 silly resolved      { connect: '2.4.3',
38 silly resolved        commander: '0.6.1',
38 silly resolved        'range-parser': '0.0.4',
38 silly resolved        mkdirp: '0.3.3',
38 silly resolved        cookie: '0.0.4',
38 silly resolved        crc: '0.2.0',
38 silly resolved        fresh: '0.1.0',
38 silly resolved        methods: '0.0.1',
38 silly resolved        send: '0.0.3',
38 silly resolved        debug: '*' },
38 silly resolved     devDependencies:
38 silly resolved      { ejs: '*',
38 silly resolved        mocha: '*',
38 silly resolved        jade: '*',
38 silly resolved        hjs: '*',
38 silly resolved        stylus: '*',
38 silly resolved        should: '*',
38 silly resolved        'connect-redis': '*',
38 silly resolved        'github-flavored-markdown': '*',
38 silly resolved        supertest: '0.0.1' },
38 silly resolved     keywords:
38 silly resolved      [ 'express',
38 silly resolved        'framework',
38 silly resolved        'sinatra',
38 silly resolved        'web',
38 silly resolved        'rest',
38 silly resolved        'restful',
38 silly resolved        'router',
38 silly resolved        'app',
38 silly resolved        'api' ],
38 silly resolved     publishConfig: { tag: '3.0' },
38 silly resolved     repository: { type: 'git', url: 'git://github.com/visionmedia/express' },
38 silly resolved     main: 'index',
38 silly resolved     bin: { express: './bin/express' },
38 silly resolved     scripts: { prepublish: 'npm prune', test: 'make test' },
38 silly resolved     engines: { node: '*' },
38 silly resolved     readme: '\n![express logo](http://f.cl.ly/items/0V2S1n0K1i3y1c122g04/Screen%20Shot%202012-04-11%20at%209.59.42%20AM.png)\n\n  Fast, unopinionated, minimalist web framework for [node](http://nodejs.org). [![Build Status](https://secure.travis-ci.org/visionmedia/express.png)](http://travis-ci.org/visionmedia/express)\n\n```js\nvar express = require(\'express\');\nvar app = express();\n\napp.get(\'/\', function(req, res){\n  res.send(\'Hello World\');\n});\n\napp.listen(3000);\n```\n\n## Installation\n\n    $ npm install -g express\n\n To install the 3.0 alpha:\n \n    $ npm install -g express@3.0\n\n## Quick Start\n\n The quickest way to get started with express is to utilize the executable `express(1)` to generate an application as shown below:\n\n Create the app:\n\n    $ npm install -g express\n    $ express /tmp/foo && cd /tmp/foo\n\n Install dependencies:\n\n    $ npm install\n\n Start the server:\n\n    $ node app\n\n## Features\n\n  * Built on [Connect](http://github.com/senchalabs/connect)\n  * Robust routing\n  * HTTP helpers (redirection, caching, etc)\n  * View system supporting 14+ template engines\n  * Content negotiation\n  * Focus on high performance\n  * Environment based configuration\n  * Executable for generating applications quickly\n  * High test coverage\n\n## Philosophy\n\n  The Express philosophy is to provide small, robust tooling for HTTP servers. Making\n  it a great solution for single page applications, web sites, hybrids, or public\n  HTTP APIs.\n  \n  Built on Connect you can use _only_ what you need, and nothing more, applications\n  can be as big or as small as you like, even a single file. Express does\n  not force you to use any specific ORM or template engine. With support for over\n  14 template engines via [Consolidate.js](http://github.com/visionmedia/consolidate.js)\n  you can quickly craft your perfect framework.\n\n## More Information\n\n  * Join #express on freenode\n  * [Google Group](http://groups.google.com/group/express-js) for discussion\n  * Follow [tjholowaychuk](http://twitter.com/tjholowaychuk) on twitter for updates\n  * Visit the [Wiki](http://github.com/visionmedia/express/wiki)\n  * [日本語ドキュメンテーション](http://hideyukisaito.com/doc/expressjs/) by [hideyukisaito](https://github.com/hideyukisaito)\n  * [Русскоязычная документация](http://express-js.ru/)\n\n## Viewing Examples\n\nFirst install the dev dependencies to install all the example / test suite deps:\n\n    $ cd express\n    $ npm install\n\nthen run whichever tests you want:\n\n    $ node examples/content-negotiation\n\n## Running Tests\n\nTo run the test suite first invoke the following command within the repo, installing the development dependencies:\n\n    $ npm install\n\nthen run the tests:\n\n    $ make test\n\n## Contributors\n\n```\nproject: express\ncommits: 3559\nactive : 468 days\nfiles  : 237\nauthors: \n 1891\tTj Holowaychuk          53.1%\n 1285\tvisionmedia             36.1%\n  182\tTJ Holowaychuk          5.1%\n   54\tAaron Heckmann          1.5%\n   34\tcsausdev                1.0%\n   26\tciaranj                 0.7%\n   21\tRobert Sköld          0.6%\n    6\tGuillermo Rauch         0.2%\n    3\tDav Glass               0.1%\n    3\tNick Poulden            0.1%\n    2\tRandy Merrill           0.1%\n    2\tBenny Wong              0.1%\n    2\tHunter Loftis           0.1%\n    2\tJake Gordon             0.1%\n    2\tBrian McKinney          0.1%\n    2\tRoman Shtylman          0.1%\n    2\tBen Weaver              0.1%\n    2\tDave Hoover             0.1%\n    2\tEivind Fjeldstad        0.1%\n    2\tDaniel Shaw             0.1%\n    1\tMatt Colyer             0.0%\n    1\tPau Ramon               0.0%\n    1\tPero Pejovic            0.0%\n    1\tPeter Rekdal Sunde      0.0%\n    1\tRaynos                  0.0%\n    1\tTeng Siong Ong          0.0%\n    1\tViktor Kelemen          0.0%\n    1\tctide                   0.0%\n    1\t8bitDesigner            0.0%\n    1\tisaacs                  0.0%\n    1\tmgutz                   0.0%\n    1\tpikeas                  0.0%\n    1\tshuwatto                0.0%\n    1\ttstrimple               0.0%\n    1\tewoudj                  0.0%\n    1\tAdam Sanderson          0.0%\n    1\tAndrii Kostenko         0.0%\n    1\tAndy Hiew               0.0%\n    1\tArpad Borsos            0.0%\n    1\tAshwin Purohit          0.0%\n    1\tBenjen                  0.0%\n    1\tDarren Torpey           0.0%\n    1\tGreg Ritter             0.0%\n    1\tGregory Ritter          0.0%\n    1\tJames Herdman           0.0%\n    1\tJim Snodgrass           0.0%\n    1\tJoe McCann              0.0%\n    1\tJonathan Dumaine        0.0%\n    1\tJonathan Palardy        0.0%\n    1\tJonathan Zacsh          0.0%\n    1\tJustin Lilly            0.0%\n    1\tKen Sato                0.0%\n    1\tMaciej Małecki         0.0%\n    1\tMasahiro Hayashi        0.0%\n```\n\n## License \n\n(The MIT License)\n\nCopyright (c) 2009-2012 TJ Holowaychuk &lt;tj@vision-media.ca&gt;\n\nPermission is hereby granted, free of charge, to any person obtaining\na copy of this software and associated documentation files (the\n\'Software\'), to deal in the Software without restriction, including\nwithout limitation the rights to use, copy, modify, merge, publish,\ndistribute, sublicense, and/or sell copies of the Software, and to\npermit persons to whom the Software is furnished to do so, subject to\nthe following conditions:\n\nThe above copyright notice and this permission notice shall be\nincluded in all copies or substantial portions of the Software.\n\nTHE SOFTWARE IS PROVIDED \'AS IS\', WITHOUT WARRANTY OF ANY KIND,\nEXPRESS OR IMPLIED, INCLUDING BUT NOT LIMITED TO THE WARRANTIES OF\nMERCHANTABILITY, FITNESS FOR A PARTICULAR PURPOSE AND NONINFRINGEMENT.\nIN NO EVENT SHALL THE AUTHORS OR COPYRIGHT HOLDERS BE LIABLE FOR ANY\nCLAIM, DAMAGES OR OTHER LIABILITY, WHETHER IN AN ACTION OF CONTRACT,\nTORT OR OTHERWISE, ARISING FROM, OUT OF OR IN CONNECTION WITH THE\nSOFTWARE OR THE USE OR OTHER DEALINGS IN THE SOFTWARE.\n',
38 silly resolved     _id: 'express@3.0.0rc3',
38 silly resolved     _from: 'express' } ]
39 info install express@3.0.0rc3 into /usr/local/lib
40 info installOne express@3.0.0rc3
41 verbose from cache /Users/oscar/.npm/express/3.0.0rc3/package/package.json
42 info /usr/local/lib/node_modules/express unbuild
43 verbose read json /usr/local/lib/node_modules/express/package.json
44 info preuninstall express@3.0.0rc3
45 info uninstall express@3.0.0rc3
46 verbose true,/usr/local/lib/node_modules,/usr/local/lib/node_modules unbuild express@3.0.0rc3
47 verbose /usr/local/bin,[object Object] binRoot
48 info /usr/local/lib/node_modules/express unbuild
49 verbose read json /usr/local/lib/node_modules/express/package.json
50 info preuninstall express@3.0.0rc3
51 info uninstall express@3.0.0rc3
52 verbose true,/usr/local/lib/node_modules,/usr/local/lib/node_modules unbuild express@3.0.0rc3
53 verbose /usr/local/bin,[object Object] binRoot
54 error error rolling back Error: EPERM, chmod '/usr/local/bin/express'
54 error error rolling back  express@3.0.0rc3 { [Error: EPERM, chmod '/usr/local/bin/express'] errno: 50, code: 'EPERM', path: '/usr/local/bin/express' }
55 error Error: EPERM, chmod '/usr/local/bin/express'
55 error  { [Error: EPERM, chmod '/usr/local/bin/express'] errno: 50, code: 'EPERM', path: '/usr/local/bin/express' }
56 error Please try running this command again as root/Administrator.
57 error System Darwin 11.4.1
58 error command "node" "/usr/local/bin/npm" "install" "express" "-g"
59 error cwd /Users/oscar/Documents/code/github/pagerjs
60 error node -v v0.8.5
61 error npm -v 1.1.46
62 error path /usr/local/bin/express
63 error code EPERM
64 error errno 50
65 error stack Error: EPERM, chmod '/usr/local/bin/express'
66 verbose exit [ 50, true ]
